app/manifest-merger-release-report.txt
-- Merging decision tree log ---
manifest
ADDED from AndroidManifest.xml:2:1
	xmlns:android
		ADDED from AndroidManifest.xml:2:11
	package
		ADDED from AndroidManifest.xml:3:5
		INJECTED from AndroidManifest.xml:0:0
		INJECTED from AndroidManifest.xml:0:0
	android:versionName
		INJECTED from AndroidManifest.xml:0:0
		INJECTED from AndroidManifest.xml:0:0
	android:versionCode
		INJECTED from AndroidManifest.xml:0:0
		INJECTED from AndroidManifest.xml:0:0
uses-permission#android.permission.INTERNET
ADDED from AndroidManifest.xml:5:5
	android:name
		ADDED from AndroidManifest.xml:5:22
uses-permission#android.permission.WRITE_EXTERNAL_STORAGE
ADDED from AndroidManifest.xml:6:5
	android:name
		ADDED from AndroidManifest.xml:6:22
uses-permission#android.permission.READ_EXTERNAL_STORAGE
ADDED from AndroidManifest.xml:7:5
	android:name
		ADDED from AndroidManifest.xml:7:22
uses-permission#android.permission.WAKE_LOCK
ADDED from AndroidManifest.xml:8:5
	android:name
		ADDED from AndroidManifest.xml:8:22
uses-permission#android.permission.ACCESS_NETWORK_STATE
ADDED from AndroidManifest.xml:9:5
	android:name
		ADDED from AndroidManifest.xml:9:22
application
ADDED from AndroidManifest.xml:11:5
MERGED from com.android.support:appcompat-v7:21.0.3:16:5
MERGED from com.android.support:support-v4:21.0.3:16:5
MERGED from com.android.support:appcompat-v7:21.0.3:16:5
MERGED from com.android.support:support-v4:21.0.3:16:5
MERGED from com.melnykov:floatingactionbutton:1.1.0:12:5
MERGED from com.android.support:recyclerview-v7:21.0.0:17:5
MERGED from com.android.support:support-v4:21.0.3:16:5
MERGED from com.android.support:recyclerview-v7:21.0.0:17:5
MERGED from com.android.support:support-v4:21.0.3:16:5
MERGED from com.journeyapps:zxing-android-embedded:2.0.1:59:5
MERGED from com.journeyapps:zxing-android-integration:2.0.1:9:5
	android:label
		ADDED from AndroidManifest.xml:14:9
	android:allowBackup
		ADDED from AndroidManifest.xml:12:9
	android:icon
		ADDED from AndroidManifest.xml:13:9
	android:theme
		ADDED from AndroidManifest.xml:15:9
activity#com.impecabel.photoup.MainActivity
ADDED from AndroidManifest.xml:16:9
	android:label
		ADDED from AndroidManifest.xml:18:13
	android:name
		ADDED from AndroidManifest.xml:17:13
	android:launchMode
		ADDED from AndroidManifest.xml:19:13
intent-filter#android.intent.action.MAIN+android.intent.category.LAUNCHER
ADDED from AndroidManifest.xml:21:13
action#android.intent.action.MAIN
ADDED from AndroidManifest.xml:22:17
	android:name
		ADDED from AndroidManifest.xml:22:25
category#android.intent.category.LAUNCHER
ADDED from AndroidManifest.xml:24:17
	android:name
		ADDED from AndroidManifest.xml:24:27
intent-filter#android.intent.action.SEND+android.intent.category.DEFAULT
ADDED from AndroidManifest.xml:26:13
action#android.intent.action.SEND
ADDED from AndroidManifest.xml:27:17
	android:name
		ADDED from AndroidManifest.xml:27:25
category#android.intent.category.DEFAULT
ADDED from AndroidManifest.xml:28:17
	android:name
		ADDED from AndroidManifest.xml:28:27
data
ADDED from AndroidManifest.xml:29:17
	android:mimeType
		ADDED from AndroidManifest.xml:29:23
intent-filter#android.intent.action.SEND_MULTIPLE+android.intent.category.DEFAULT
ADDED from AndroidManifest.xml:31:13
action#android.intent.action.SEND_MULTIPLE
ADDED from AndroidManifest.xml:32:17
	android:name
		ADDED from AndroidManifest.xml:32:25
activity#com.impecabel.photoup.SettingsActivity
ADDED from AndroidManifest.xml:37:9
	android:label
		ADDED from AndroidManifest.xml:40:13
	android:parentActivityName
		ADDED from AndroidManifest.xml:39:13
	android:name
		ADDED from AndroidManifest.xml:38:13
activity#com.impecabel.photoup.SoonToBeMainActivity
ADDED from AndroidManifest.xml:43:9
	android:label
		ADDED from AndroidManifest.xml:46:13
	android:parentActivityName
		ADDED from AndroidManifest.xml:45:13
	android:name
		ADDED from AndroidManifest.xml:44:13
activity#com.impecabel.photoup.SoonToBeMainActivity2
ADDED from AndroidManifest.xml:48:9
	android:label
		ADDED from AndroidManifest.xml:51:13
	android:parentActivityName
		ADDED from AndroidManifest.xml:50:13
	android:name
		ADDED from AndroidManifest.xml:49:13
activity#com.impecabel.photoup.ShowQRActivity
ADDED from AndroidManifest.xml:54:9
	android:label
		ADDED from AndroidManifest.xml:57:13
	android:parentActivityName
		ADDED from AndroidManifest.xml:56:13
	android:name
		ADDED from AndroidManifest.xml:55:13
service#com.alexbbb.uploadservice.UploadService
ADDED from AndroidManifest.xml:60:9
	android:exported
		ADDED from AndroidManifest.xml:63:13
	android:enabled
		ADDED from AndroidManifest.xml:62:13
	android:name
		ADDED from AndroidManifest.xml:61:13
intent-filter#com.impecabel.photoup.action.upload
ADDED from AndroidManifest.xml:64:13
action#com.impecabel.photoup.action.upload
ADDED from AndroidManifest.xml:65:17
	android:name
		ADDED from AndroidManifest.xml:65:25
receiver#com.impecabel.photoup.MediaScannerBroadcastReceiver
ADDED from AndroidManifest.xml:69:9
	android:name
		ADDED from AndroidManifest.xml:69:19
intent-filter#android.hardware.action.NEW_PICTURE
ADDED from AndroidManifest.xml:70:13
action#android.hardware.action.NEW_PICTURE
ADDED from AndroidManifest.xml:74:17
	android:name
		ADDED from AndroidManifest.xml:74:25
intent-filter#android.hardware.action.NEW_VIDEO
ADDED from AndroidManifest.xml:77:13
action#android.hardware.action.NEW_VIDEO
ADDED from AndroidManifest.xml:78:17
	android:name
		ADDED from AndroidManifest.xml:78:25
intent-filter#android.net.conn.CONNECTIVITY_CHANGE
ADDED from AndroidManifest.xml:81:13
action#android.net.conn.CONNECTIVITY_CHANGE
ADDED from AndroidManifest.xml:82:17
	android:name
		ADDED from AndroidManifest.xml:82:25
uses-sdk
INJECTED from AndroidManifest.xml:0:0 reason: use-sdk injection requested
MERGED from com.android.support:appcompat-v7:21.0.3:15:5
MERGED from com.android.support:support-v4:21.0.3:15:5
MERGED from com.afollestad:material-dialogs:0.5.2:8:5
MERGED from com.android.support:appcompat-v7:21.0.3:15:5
MERGED from com.android.support:support-v4:21.0.3:15:5
MERGED from com.melnykov:floatingactionbutton:1.1.0:8:5
MERGED from com.android.support:recyclerview-v7:21.0.0:15:5
MERGED from com.android.support:support-v4:21.0.3:15:5
MERGED from com.github.ksoichiro:android-observablescrollview:1.5.0:21:5
MERGED from com.android.support:recyclerview-v7:21.0.0:15:5
MERGED from com.android.support:support-v4:21.0.3:15:5
MERGED from com.journeyapps:zxing-android-embedded:2.0.1:19:5
MERGED from com.journeyapps:zxing-android-integration:2.0.1:5:5
	android:targetSdkVersion
		INJECTED from AndroidManifest.xml:0:0
		INJECTED from AndroidManifest.xml:0:0
	android:minSdkVersion
		INJECTED from AndroidManifest.xml:0:0
		INJECTED from AndroidManifest.xml:0:0
activity#android.support.v7.widget.TestActivity
ADDED from com.android.support:recyclerview-v7:21.0.0:18:9
MERGED from com.android.support:recyclerview-v7:21.0.0:18:9
	android:label
		ADDED from com.android.support:recyclerview-v7:21.0.0:18:19
	android:name
		ADDED from com.android.support:recyclerview-v7:21.0.0:18:60
uses-permission#android.permission.CAMERA
ADDED from com.journeyapps:zxing-android-embedded:2.0.1:23:5
	android:name
		ADDED from com.journeyapps:zxing-android-embedded:2.0.1:23:22
uses-permission#android.permission.VIBRATE
ADDED from com.journeyapps:zxing-android-embedded:2.0.1:24:5
	android:name
		ADDED from com.journeyapps:zxing-android-embedded:2.0.1:24:22
uses-permission#android.permission.FLASHLIGHT
ADDED from com.journeyapps:zxing-android-embedded:2.0.1:25:5
	android:name
		ADDED from com.journeyapps:zxing-android-embedded:2.0.1:25:22
uses-feature#android.hardware.camera
ADDED from com.journeyapps:zxing-android-embedded:2.0.1:28:5
	android:required
		ADDED from com.journeyapps:zxing-android-embedded:2.0.1:30:9
	android:name
		ADDED from com.journeyapps:zxing-android-embedded:2.0.1:29:9
uses-feature#android.hardware.camera.front
ADDED from com.journeyapps:zxing-android-embedded:2.0.1:31:5
	android:required
		ADDED from com.journeyapps:zxing-android-embedded:2.0.1:33:9
	android:name
		ADDED from com.journeyapps:zxing-android-embedded:2.0.1:32:9
uses-feature#android.hardware.camera.autofocus
ADDED from com.journeyapps:zxing-android-embedded:2.0.1:36:5
	android:required
		ADDED from com.journeyapps:zxing-android-embedded:2.0.1:38:9
	android:name
		ADDED from com.journeyapps:zxing-android-embedded:2.0.1:37:9
uses-feature#android.hardware.camera.flash
ADDED from com.journeyapps:zxing-android-embedded:2.0.1:39:5
	android:required
		ADDED from com.journeyapps:zxing-android-embedded:2.0.1:41:9
	android:name
		ADDED from com.journeyapps:zxing-android-embedded:2.0.1:40:9
uses-feature#android.hardware.screen.landscape
ADDED from com.journeyapps:zxing-android-embedded:2.0.1:42:5
	android:required
		ADDED from com.journeyapps:zxing-android-embedded:2.0.1:44:9
	android:name
		ADDED from com.journeyapps:zxing-android-embedded:2.0.1:43:9
uses-feature#android.hardware.wifi
ADDED from com.journeyapps:zxing-android-embedded:2.0.1:45:5
	android:required
		ADDED from com.journeyapps:zxing-android-embedded:2.0.1:47:9
	android:name
		ADDED from com.journeyapps:zxing-android-embedded:2.0.1:46:9
supports-screens
ADDED from com.journeyapps:zxing-android-embedded:2.0.1:52:5
	android:largeScreens
		ADDED from com.journeyapps:zxing-android-embedded:2.0.1:54:9
	android:anyDensity
		ADDED from com.journeyapps:zxing-android-embedded:2.0.1:53:9
	android:normalScreens
		ADDED from com.journeyapps:zxing-android-embedded:2.0.1:55:9
	android:xlargeScreens
		ADDED from com.journeyapps:zxing-android-embedded:2.0.1:57:9
	android:smallScreens
		ADDED from com.journeyapps:zxing-android-embedded:2.0.1:56:9
activity#com.google.zxing.client.android.CaptureActivity
ADDED from com.journeyapps:zxing-android-embedded:2.0.1:60:9
	android:windowSoftInputMode
		ADDED from com.journeyapps:zxing-android-embedded:2.0.1:66:13
	android:screenOrientation
		ADDED from com.journeyapps:zxing-android-embedded:2.0.1:63:13
	android:theme
		ADDED from com.journeyapps:zxing-android-embedded:2.0.1:65:13
	android:stateNotNeeded
		ADDED from com.journeyapps:zxing-android-embedded:2.0.1:64:13
	android:clearTaskOnLaunch
		ADDED from com.journeyapps:zxing-android-embedded:2.0.1:62:13
	android:name
		ADDED from com.journeyapps:zxing-android-embedded:2.0.1:61:13
activity#com.google.zxing.client.android.HelpActivity
ADDED from com.journeyapps:zxing-android-embedded:2.0.1:67:9
	android:screenOrientation
		ADDED from com.journeyapps:zxing-android-embedded:2.0.1:70:13
	android:label
		ADDED from com.journeyapps:zxing-android-embedded:2.0.1:69:13
	android:stateNotNeeded
		ADDED from com.journeyapps:zxing-android-embedded:2.0.1:71:13
	android:name
		ADDED from com.journeyapps:zxing-android-embedded:2.0.1:68:13
activity#com.google.zxing.client.android.encode.EncodeActivity
ADDED from com.journeyapps:zxing-android-embedded:2.0.1:72:9
	android:screenOrientation
		ADDED from com.journeyapps:zxing-android-embedded:2.0.1:74:13
	android:name
		ADDED from com.journeyapps:zxing-android-embedded:2.0.1:73:13